{
  "RSpec": {
    "coverage": {
      "/Users/student/Documents/GitHub/Week_6/bookmark_manager/app.rb": [
        1,
        1,
        null,
        1,
        1,
        1,
        null,
        null,
        1,
        2,
        2,
        null,
        null,
        1,
        3,
        null,
        null,
        1,
        2,
        2,
        null,
        null,
        null,
        1,
        null
      ],
      "/Users/student/Documents/GitHub/Week_6/bookmark_manager/lib/bookmark.rb": [
        1,
        null,
        1,
        null,
        1,
        3,
        3,
        null,
        0,
        null,
        3,
        11,
        null,
        null,
        1,
        3,
        3,
        null,
        0,
        null,
        3,
        null,
        null,
        null,
        null,
        null,
        null,
        null,
        null
      ],
      "/Users/student/Documents/GitHub/Week_6/bookmark_manager/spec/bookmark_spec.rb": [
        1,
        1,
        null,
        1,
        1,
        1,
        1,
        1,
        1,
        1,
        null,
        null,
        1,
        1,
        1,
        1,
        0,
        null,
        null
      ],
      "/Users/student/Documents/GitHub/Week_6/bookmark_manager/spec/features/bookmark_page_spec.rb": [
        1,
        null,
        1,
        1,
        1,
        1,
        1,
        1,
        1,
        null,
        null,
        1,
        1,
        0,
        0,
        null,
        null
      ],
      "/Users/student/Documents/GitHub/Week_6/bookmark_manager/spec/features/homepage_spec.rb": [
        null,
        null,
        1,
        1,
        1,
        1,
        null,
        null
      ],
      "/Users/student/Documents/GitHub/Week_6/bookmark_manager/spec/features/new_bookmark_page_spec.rb": [
        1,
        null,
        1,
        1,
        1,
        null,
        null,
        1,
        1,
        1,
        1,
        1,
        1,
        null,
        null
      ],
      "/Users/student/Documents/GitHub/Week_6/bookmark_manager/spec/setup_test_database_helper.rb": [
        1,
        null,
        1,
        6,
        6,
        null
      ]
    },
    "timestamp": 1574941371
  }
}
